Flow report for SAP1
Thu Aug 03 16:26:48 2023
Quartus Prime Version 20.1.1 Build 720 11/11/2020 SJ Lite Edition


---------------------
; Table of Contents ;
---------------------
  1. Legal Notice
  2. Flow Summary
  3. Flow Settings
  4. Flow Non-Default Global Settings
  5. Flow Elapsed Time
  6. Flow OS Summary
  7. Flow Log
  8. Flow Messages
  9. Flow Suppressed Messages



----------------
; Legal Notice ;
----------------
Copyright (C) 2020  Intel Corporation. All rights reserved.
Your use of Intel Corporation's design tools, logic functions 
and other software and tools, and any partner logic 
functions, and any output files from any of the foregoing 
(including device programming or simulation files), and any 
associated documentation or information are expressly subject 
to the terms and conditions of the Intel Program License 
Subscription Agreement, the Intel Quartus Prime License Agreement,
the Intel FPGA IP License Agreement, or other applicable license
agreement, including, without limitation, that your use is for
the sole purpose of programming logic devices manufactured by
Intel and sold by Intel or its authorized distributors.  Please
refer to the applicable agreement for further details, at
https://fpgasoftware.intel.com/eula.



+-------------------------------------------------------------------------------------------+
; Flow Summary                                                                              ;
+------------------------------------+------------------------------------------------------+
; Flow Status                        ; EDA Netlist Writer Failed - Thu Aug 03 16:26:48 2023 ;
; Quartus Prime Version              ; 20.1.1 Build 720 11/11/2020 SJ Lite Edition          ;
; Revision Name                      ; SAP1                                                 ;
; Top-level Entity Name              ; SAP1                                                 ;
; Family                             ; MAX 10                                               ;
; Device                             ; 10M08DAF484C8G                                       ;
; Timing Models                      ; Final                                                ;
; Total logic elements               ; 438 / 8,064 ( 5 % )                                  ;
;     Total combinational functions  ; 365 / 8,064 ( 5 % )                                  ;
;     Dedicated logic registers      ; 175 / 8,064 ( 2 % )                                  ;
; Total registers                    ; 175                                                  ;
; Total pins                         ; 41 / 250 ( 16 % )                                    ;
; Total virtual pins                 ; 0                                                    ;
; Total memory bits                  ; 0 / 387,072 ( 0 % )                                  ;
; Embedded Multiplier 9-bit elements ; 0 / 48 ( 0 % )                                       ;
; Total PLLs                         ; 0 / 2 ( 0 % )                                        ;
; UFM blocks                         ; 0 / 1 ( 0 % )                                        ;
; ADC blocks                         ; 0 / 1 ( 0 % )                                        ;
+------------------------------------+------------------------------------------------------+


+-----------------------------------------+
; Flow Settings                           ;
+-------------------+---------------------+
; Option            ; Setting             ;
+-------------------+---------------------+
; Start date & time ; 08/03/2023 16:08:19 ;
; Main task         ; Compilation         ;
; Revision Name     ; SAP1                ;
+-------------------+---------------------+


+-------------------------------------------------------------------------------------------------------------------------+
; Flow Non-Default Global Settings                                                                                        ;
+-------------------------------------+----------------------------------------+---------------+-------------+------------+
; Assignment Name                     ; Value                                  ; Default Value ; Entity Name ; Section Id ;
+-------------------------------------+----------------------------------------+---------------+-------------+------------+
; COMPILER_SIGNATURE_ID               ; 91756344376.169108969902292            ; --            ; --          ; --         ;
; MAX_CORE_JUNCTION_TEMP              ; 85                                     ; --            ; --          ; --         ;
; MIN_CORE_JUNCTION_TEMP              ; 0                                      ; --            ; --          ; --         ;
; PARTITION_COLOR                     ; -- (Not supported for targeted family) ; --            ; --          ; Top        ;
; PARTITION_FITTER_PRESERVATION_LEVEL ; -- (Not supported for targeted family) ; --            ; --          ; Top        ;
; PARTITION_NETLIST_TYPE              ; -- (Not supported for targeted family) ; --            ; --          ; Top        ;
; POWER_BOARD_THERMAL_MODEL           ; None (CONSERVATIVE)                    ; --            ; --          ; --         ;
; POWER_PRESET_COOLING_SOLUTION       ; 23 MM HEAT SINK WITH 200 LFPM AIRFLOW  ; --            ; --          ; --         ;
; PROJECT_OUTPUT_DIRECTORY            ; output_files                           ; --            ; --          ; --         ;
+-------------------------------------+----------------------------------------+---------------+-------------+------------+


+--------------------------------------------------------------------------------------------------------------------------+
; Flow Elapsed Time                                                                                                        ;
+----------------------+--------------+-------------------------+---------------------+------------------------------------+
; Module Name          ; Elapsed Time ; Average Processors Used ; Peak Virtual Memory ; Total CPU Time (on all processors) ;
+----------------------+--------------+-------------------------+---------------------+------------------------------------+
; Analysis & Synthesis ; 00:01:12     ; 1.0                     ; 4878 MB             ; 00:01:29                           ;
; Fitter               ; 00:00:34     ; 1.2                     ; 5830 MB             ; 00:00:33                           ;
; Assembler            ; 00:00:04     ; 1.0                     ; 4682 MB             ; 00:00:02                           ;
; Timing Analyzer      ; 00:00:08     ; 1.3                     ; 4836 MB             ; 00:00:08                           ;
; EDA Netlist Writer   ; 00:00:01     ; 1.0                     ; 4629 MB             ; 00:00:01                           ;
; Total                ; 00:01:59     ; --                      ; --                  ; 00:02:13                           ;
+----------------------+--------------+-------------------------+---------------------+------------------------------------+


+------------------------------------------------------------------------------------+
; Flow OS Summary                                                                    ;
+----------------------+------------------+------------+------------+----------------+
; Module Name          ; Machine Hostname ; OS Name    ; OS Version ; Processor type ;
+----------------------+------------------+------------+------------+----------------+
; Analysis & Synthesis ; DESKTOP-3JARQVE  ; Windows 10 ; 10.0       ; x86_64         ;
; Fitter               ; DESKTOP-3JARQVE  ; Windows 10 ; 10.0       ; x86_64         ;
; Assembler            ; DESKTOP-3JARQVE  ; Windows 10 ; 10.0       ; x86_64         ;
; Timing Analyzer      ; DESKTOP-3JARQVE  ; Windows 10 ; 10.0       ; x86_64         ;
; EDA Netlist Writer   ; DESKTOP-3JARQVE  ; Windows 10 ; 10.0       ; x86_64         ;
+----------------------+------------------+------------+------------+----------------+


------------
; Flow Log ;
------------
quartus_map --read_settings_files=on --write_settings_files=off SAP1 -c SAP1
quartus_fit --read_settings_files=off --write_settings_files=off SAP1 -c SAP1
quartus_asm --read_settings_files=off --write_settings_files=off SAP1 -c SAP1
quartus_sta SAP1 -c SAP1
quartus_eda --gen_testbench --tool=modelsim_oem --format=verilog --write_settings_files=off SAP1 -c SAP1 --vector_source=F:/Bibliotecas/Downloads/SAP1/Waveform-SAP1.vwf --testbench_file=F:/Bibliotecas/Downloads/SAP1/simulation/qsim/Waveform.vwf.vt



