Flow report for RegistradorSaida
Tue Aug 01 23:11:00 2023
Quartus Prime Version 20.1.1 Build 720 11/11/2020 SJ Lite Edition


---------------------
; Table of Contents ;
---------------------
  1. Legal Notice
  2. Flow Summary
  3. Flow Settings
  4. Flow Non-Default Global Settings
  5. Flow Elapsed Time
  6. Flow OS Summary
  7. Flow Log
  8. Flow Messages
  9. Flow Suppressed Messages



----------------
; Legal Notice ;
----------------
Copyright (C) 2020  Intel Corporation. All rights reserved.
Your use of Intel Corporation's design tools, logic functions 
and other software and tools, and any partner logic 
functions, and any output files from any of the foregoing 
(including device programming or simulation files), and any 
associated documentation or information are expressly subject 
to the terms and conditions of the Intel Program License 
Subscription Agreement, the Intel Quartus Prime License Agreement,
the Intel FPGA IP License Agreement, or other applicable license
agreement, including, without limitation, that your use is for
the sole purpose of programming logic devices manufactured by
Intel and sold by Intel or its authorized distributors.  Please
refer to the applicable agreement for further details, at
https://fpgasoftware.intel.com/eula.



+-------------------------------------------------------------------------------+
; Flow Summary                                                                  ;
+---------------------------------+---------------------------------------------+
; Flow Status                     ; Successful - Tue Aug 01 23:11:00 2023       ;
; Quartus Prime Version           ; 20.1.1 Build 720 11/11/2020 SJ Lite Edition ;
; Revision Name                   ; RegistradorSaida                            ;
; Top-level Entity Name           ; RegistradorSaida                            ;
; Family                          ; Cyclone V                                   ;
; Device                          ; 5CGXFC7C7F23C8                              ;
; Timing Models                   ; Final                                       ;
; Logic utilization (in ALMs)     ; 3 / 56,480 ( < 1 % )                        ;
; Total registers                 ; 8                                           ;
; Total pins                      ; 18 / 268 ( 7 % )                            ;
; Total virtual pins              ; 0                                           ;
; Total block memory bits         ; 0 / 7,024,640 ( 0 % )                       ;
; Total DSP Blocks                ; 0 / 156 ( 0 % )                             ;
; Total HSSI RX PCSs              ; 0 / 6 ( 0 % )                               ;
; Total HSSI PMA RX Deserializers ; 0 / 6 ( 0 % )                               ;
; Total HSSI TX PCSs              ; 0 / 6 ( 0 % )                               ;
; Total HSSI PMA TX Serializers   ; 0 / 6 ( 0 % )                               ;
; Total PLLs                      ; 0 / 13 ( 0 % )                              ;
; Total DLLs                      ; 0 / 4 ( 0 % )                               ;
+---------------------------------+---------------------------------------------+


+-----------------------------------------+
; Flow Settings                           ;
+-------------------+---------------------+
; Option            ; Setting             ;
+-------------------+---------------------+
; Start date & time ; 08/01/2023 21:54:50 ;
; Main task         ; Compilation         ;
; Revision Name     ; RegistradorSaida    ;
+-------------------+---------------------+


+-------------------------------------------------------------------------------------------------------------------------+
; Flow Non-Default Global Settings                                                                                        ;
+-------------------------------------+----------------------------------------+---------------+-------------+------------+
; Assignment Name                     ; Value                                  ; Default Value ; Entity Name ; Section Id ;
+-------------------------------------+----------------------------------------+---------------+-------------+------------+
; COMPILER_SIGNATURE_ID               ; 2545071199546.169093769012744          ; --            ; --          ; --         ;
; PARTITION_COLOR                     ; -- (Not supported for targeted family) ; --            ; --          ; Top        ;
; PARTITION_FITTER_PRESERVATION_LEVEL ; -- (Not supported for targeted family) ; --            ; --          ; Top        ;
; PARTITION_NETLIST_TYPE              ; -- (Not supported for targeted family) ; --            ; --          ; Top        ;
; PROJECT_OUTPUT_DIRECTORY            ; output_files                           ; --            ; --          ; --         ;
+-------------------------------------+----------------------------------------+---------------+-------------+------------+


+--------------------------------------------------------------------------------------------------------------------------+
; Flow Elapsed Time                                                                                                        ;
+----------------------+--------------+-------------------------+---------------------+------------------------------------+
; Module Name          ; Elapsed Time ; Average Processors Used ; Peak Virtual Memory ; Total CPU Time (on all processors) ;
+----------------------+--------------+-------------------------+---------------------+------------------------------------+
; Analysis & Synthesis ; 00:00:10     ; 1.0                     ; 4832 MB             ; 00:00:07                           ;
; Fitter               ; 00:00:42     ; 1.0                     ; 7475 MB             ; 00:01:05                           ;
; Assembler            ; 00:00:11     ; 1.0                     ; 4833 MB             ; 00:00:06                           ;
; Timing Analyzer      ; 00:00:06     ; 1.1                     ; 5238 MB             ; 00:00:03                           ;
; EDA Netlist Writer   ; 00:00:00     ; 1.0                     ; 4719 MB             ; 00:00:01                           ;
; EDA Netlist Writer   ; 00:00:00     ; 1.0                     ; 4728 MB             ; 00:00:01                           ;
; EDA Netlist Writer   ; 00:00:00     ; 1.0                     ; 4718 MB             ; 00:00:01                           ;
; EDA Netlist Writer   ; 00:00:00     ; 1.0                     ; 4728 MB             ; 00:00:01                           ;
; EDA Netlist Writer   ; 00:00:01     ; 1.0                     ; 4719 MB             ; 00:00:00                           ;
; EDA Netlist Writer   ; 00:00:00     ; 1.0                     ; 4728 MB             ; 00:00:01                           ;
; EDA Netlist Writer   ; 00:00:01     ; 1.0                     ; 4719 MB             ; 00:00:01                           ;
; EDA Netlist Writer   ; 00:00:01     ; 1.0                     ; 4728 MB             ; 00:00:01                           ;
; EDA Netlist Writer   ; 00:00:01     ; 1.0                     ; 4718 MB             ; 00:00:01                           ;
; EDA Netlist Writer   ; 00:00:01     ; 1.0                     ; 4728 MB             ; 00:00:00                           ;
; Total                ; 00:01:14     ; --                      ; --                  ; 00:01:29                           ;
+----------------------+--------------+-------------------------+---------------------+------------------------------------+


+------------------------------------------------------------------------------------+
; Flow OS Summary                                                                    ;
+----------------------+------------------+------------+------------+----------------+
; Module Name          ; Machine Hostname ; OS Name    ; OS Version ; Processor type ;
+----------------------+------------------+------------+------------+----------------+
; Analysis & Synthesis ; LS-PC            ; Windows 10 ; 10.0       ; x86_64         ;
; Fitter               ; LS-PC            ; Windows 10 ; 10.0       ; x86_64         ;
; Assembler            ; LS-PC            ; Windows 10 ; 10.0       ; x86_64         ;
; Timing Analyzer      ; LS-PC            ; Windows 10 ; 10.0       ; x86_64         ;
; EDA Netlist Writer   ; LS-PC            ; Windows 10 ; 10.0       ; x86_64         ;
; EDA Netlist Writer   ; LS-PC            ; Windows 10 ; 10.0       ; x86_64         ;
; EDA Netlist Writer   ; LS-PC            ; Windows 10 ; 10.0       ; x86_64         ;
; EDA Netlist Writer   ; LS-PC            ; Windows 10 ; 10.0       ; x86_64         ;
; EDA Netlist Writer   ; LS-PC            ; Windows 10 ; 10.0       ; x86_64         ;
; EDA Netlist Writer   ; LS-PC            ; Windows 10 ; 10.0       ; x86_64         ;
; EDA Netlist Writer   ; LS-PC            ; Windows 10 ; 10.0       ; x86_64         ;
; EDA Netlist Writer   ; LS-PC            ; Windows 10 ; 10.0       ; x86_64         ;
; EDA Netlist Writer   ; LS-PC            ; Windows 10 ; 10.0       ; x86_64         ;
; EDA Netlist Writer   ; LS-PC            ; Windows 10 ; 10.0       ; x86_64         ;
+----------------------+------------------+------------+------------+----------------+


------------
; Flow Log ;
------------
quartus_map --read_settings_files=on --write_settings_files=off RegistradorSaida -c RegistradorSaida
quartus_fit --read_settings_files=off --write_settings_files=off RegistradorSaida -c RegistradorSaida
quartus_asm --read_settings_files=off --write_settings_files=off RegistradorSaida -c RegistradorSaida
quartus_sta RegistradorSaida -c RegistradorSaida
quartus_eda --gen_testbench --tool=modelsim_oem --format=verilog --write_settings_files=off RegistradorSaida -c RegistradorSaida --vector_source=D:/componentes-quartus-sap1/sap-1/RegistradorSaida/Waveform.vwf --testbench_file=D:/componentes-quartus-sap1/sap-1/RegistradorSaida/simulation/qsim/Waveform.vwf.vt
quartus_eda --write_settings_files=off --simulation=on --functional=on --flatten_buses=off --tool=modelsim_oem --format=verilog --output_directory=D:/componentes-quartus-sap1/sap-1/RegistradorSaida/simulation/qsim/ RegistradorSaida -c RegistradorSaida
quartus_eda --gen_testbench --tool=modelsim_oem --format=verilog --write_settings_files=off RegistradorSaida -c RegistradorSaida --vector_source=D:/componentes-quartus-sap1/sap-1/RegistradorSaida/Waveform.vwf --testbench_file=D:/componentes-quartus-sap1/sap-1/RegistradorSaida/simulation/qsim/Waveform.vwf.vt
quartus_eda --write_settings_files=off --simulation=on --functional=on --flatten_buses=off --tool=modelsim_oem --format=verilog --output_directory=D:/componentes-quartus-sap1/sap-1/RegistradorSaida/simulation/qsim/ RegistradorSaida -c RegistradorSaida
quartus_eda --gen_testbench --tool=modelsim_oem --format=verilog --write_settings_files=off RegistradorSaida -c RegistradorSaida --vector_source=D:/componentes-quartus-sap1/sap-1/RegistradorSaida/Waveform.vwf --testbench_file=D:/componentes-quartus-sap1/sap-1/RegistradorSaida/simulation/qsim/Waveform.vwf.vt
quartus_eda --write_settings_files=off --simulation=on --functional=on --flatten_buses=off --tool=modelsim_oem --format=verilog --output_directory=D:/componentes-quartus-sap1/sap-1/RegistradorSaida/simulation/qsim/ RegistradorSaida -c RegistradorSaida
quartus_eda --gen_testbench --tool=modelsim_oem --format=verilog --write_settings_files=off RegistradorSaida -c RegistradorSaida --vector_source=D:/componentes-quartus-sap1/sap-1/RegistradorSaida/Waveform.vwf --testbench_file=D:/componentes-quartus-sap1/sap-1/RegistradorSaida/simulation/qsim/Waveform.vwf.vt
quartus_eda --write_settings_files=off --simulation=on --functional=on --flatten_buses=off --tool=modelsim_oem --format=verilog --output_directory=D:/componentes-quartus-sap1/sap-1/RegistradorSaida/simulation/qsim/ RegistradorSaida -c RegistradorSaida
quartus_eda --gen_testbench --tool=modelsim_oem --format=verilog --write_settings_files=off RegistradorSaida -c RegistradorSaida --vector_source=D:/componentes-quartus-sap1/sap-1/RegistradorSaida/Waveform.vwf --testbench_file=D:/componentes-quartus-sap1/sap-1/RegistradorSaida/simulation/qsim/Waveform.vwf.vt
quartus_eda --write_settings_files=off --simulation=on --functional=on --flatten_buses=off --tool=modelsim_oem --format=verilog --output_directory=D:/componentes-quartus-sap1/sap-1/RegistradorSaida/simulation/qsim/ RegistradorSaida -c RegistradorSaida



