Flow report for SAP1
Thu Aug 17 22:36:58 2023
Quartus Prime Version 20.1.1 Build 720 11/11/2020 SJ Lite Edition


---------------------
; Table of Contents ;
---------------------
  1. Legal Notice
  2. Flow Summary
  3. Flow Settings
  4. Flow Non-Default Global Settings
  5. Flow Elapsed Time
  6. Flow OS Summary
  7. Flow Log
  8. Flow Messages
  9. Flow Suppressed Messages



----------------
; Legal Notice ;
----------------
Copyright (C) 2020  Intel Corporation. All rights reserved.
Your use of Intel Corporation's design tools, logic functions 
and other software and tools, and any partner logic 
functions, and any output files from any of the foregoing 
(including device programming or simulation files), and any 
associated documentation or information are expressly subject 
to the terms and conditions of the Intel Program License 
Subscription Agreement, the Intel Quartus Prime License Agreement,
the Intel FPGA IP License Agreement, or other applicable license
agreement, including, without limitation, that your use is for
the sole purpose of programming logic devices manufactured by
Intel and sold by Intel or its authorized distributors.  Please
refer to the applicable agreement for further details, at
https://fpgasoftware.intel.com/eula.



+----------------------------------------------------------------------------------+
; Flow Summary                                                                     ;
+------------------------------------+---------------------------------------------+
; Flow Status                        ; Successful - Thu Aug 17 22:36:58 2023       ;
; Quartus Prime Version              ; 20.1.1 Build 720 11/11/2020 SJ Lite Edition ;
; Revision Name                      ; SAP1                                        ;
; Top-level Entity Name              ; SAP1                                        ;
; Family                             ; MAX 10                                      ;
; Device                             ; 10M08DAF484C8G                              ;
; Timing Models                      ; Final                                       ;
; Total logic elements               ; 357 / 8,064 ( 4 % )                         ;
;     Total combinational functions  ; 341 / 8,064 ( 4 % )                         ;
;     Dedicated logic registers      ; 47 / 8,064 ( < 1 % )                        ;
; Total registers                    ; 47                                          ;
; Total pins                         ; 56 / 250 ( 22 % )                           ;
; Total virtual pins                 ; 0                                           ;
; Total memory bits                  ; 0 / 387,072 ( 0 % )                         ;
; Embedded Multiplier 9-bit elements ; 0 / 48 ( 0 % )                              ;
; Total PLLs                         ; 0 / 2 ( 0 % )                               ;
; UFM blocks                         ; 0 / 1 ( 0 % )                               ;
; ADC blocks                         ; 0 / 1 ( 0 % )                               ;
+------------------------------------+---------------------------------------------+


+-----------------------------------------+
; Flow Settings                           ;
+-------------------+---------------------+
; Option            ; Setting             ;
+-------------------+---------------------+
; Start date & time ; 08/17/2023 22:16:00 ;
; Main task         ; Compilation         ;
; Revision Name     ; SAP1                ;
+-------------------+---------------------+


+-------------------------------------------------------------------------------------------------------------------------+
; Flow Non-Default Global Settings                                                                                        ;
+-------------------------------------+----------------------------------------+---------------+-------------+------------+
; Assignment Name                     ; Value                                  ; Default Value ; Entity Name ; Section Id ;
+-------------------------------------+----------------------------------------+---------------+-------------+------------+
; COMPILER_SIGNATURE_ID               ; 2544123219791.169232136029856          ; --            ; --          ; --         ;
; MAX_CORE_JUNCTION_TEMP              ; 85                                     ; --            ; --          ; --         ;
; MIN_CORE_JUNCTION_TEMP              ; 0                                      ; --            ; --          ; --         ;
; PARTITION_COLOR                     ; -- (Not supported for targeted family) ; --            ; --          ; Top        ;
; PARTITION_FITTER_PRESERVATION_LEVEL ; -- (Not supported for targeted family) ; --            ; --          ; Top        ;
; PARTITION_NETLIST_TYPE              ; -- (Not supported for targeted family) ; --            ; --          ; Top        ;
; POWER_BOARD_THERMAL_MODEL           ; None (CONSERVATIVE)                    ; --            ; --          ; --         ;
; POWER_PRESET_COOLING_SOLUTION       ; 23 MM HEAT SINK WITH 200 LFPM AIRFLOW  ; --            ; --          ; --         ;
; PROJECT_OUTPUT_DIRECTORY            ; output_files                           ; --            ; --          ; --         ;
+-------------------------------------+----------------------------------------+---------------+-------------+------------+


+--------------------------------------------------------------------------------------------------------------------------+
; Flow Elapsed Time                                                                                                        ;
+----------------------+--------------+-------------------------+---------------------+------------------------------------+
; Module Name          ; Elapsed Time ; Average Processors Used ; Peak Virtual Memory ; Total CPU Time (on all processors) ;
+----------------------+--------------+-------------------------+---------------------+------------------------------------+
; Analysis & Synthesis ; 00:00:06     ; 1.0                     ; 4859 MB             ; 00:00:06                           ;
; Fitter               ; 00:00:05     ; 1.2                     ; 6129 MB             ; 00:00:03                           ;
; Assembler            ; 00:00:00     ; 1.0                     ; 4688 MB             ; 00:00:00                           ;
; Timing Analyzer      ; 00:00:01     ; 1.3                     ; 4893 MB             ; 00:00:01                           ;
; EDA Netlist Writer   ; 00:00:00     ; 1.0                     ; 4635 MB             ; 00:00:00                           ;
; EDA Netlist Writer   ; 00:00:00     ; 1.0                     ; 4643 MB             ; 00:00:00                           ;
; EDA Netlist Writer   ; 00:00:00     ; 1.0                     ; 4635 MB             ; 00:00:00                           ;
; EDA Netlist Writer   ; 00:00:00     ; 1.0                     ; 4643 MB             ; 00:00:00                           ;
; EDA Netlist Writer   ; 00:00:01     ; 1.0                     ; 4635 MB             ; 00:00:00                           ;
; EDA Netlist Writer   ; 00:00:00     ; 1.0                     ; 4643 MB             ; 00:00:00                           ;
; EDA Netlist Writer   ; 00:00:00     ; 1.0                     ; 4635 MB             ; 00:00:00                           ;
; EDA Netlist Writer   ; 00:00:01     ; 1.0                     ; 4643 MB             ; 00:00:00                           ;
; Total                ; 00:00:14     ; --                      ; --                  ; 00:00:10                           ;
+----------------------+--------------+-------------------------+---------------------+------------------------------------+


+------------------------------------------------------------------------------------+
; Flow OS Summary                                                                    ;
+----------------------+------------------+------------+------------+----------------+
; Module Name          ; Machine Hostname ; OS Name    ; OS Version ; Processor type ;
+----------------------+------------------+------------+------------+----------------+
; Analysis & Synthesis ; Pedro-PC         ; Windows 10 ; 10.0       ; x86_64         ;
; Fitter               ; Pedro-PC         ; Windows 10 ; 10.0       ; x86_64         ;
; Assembler            ; Pedro-PC         ; Windows 10 ; 10.0       ; x86_64         ;
; Timing Analyzer      ; Pedro-PC         ; Windows 10 ; 10.0       ; x86_64         ;
; EDA Netlist Writer   ; Pedro-PC         ; Windows 10 ; 10.0       ; x86_64         ;
; EDA Netlist Writer   ; Pedro-PC         ; Windows 10 ; 10.0       ; x86_64         ;
; EDA Netlist Writer   ; Pedro-PC         ; Windows 10 ; 10.0       ; x86_64         ;
; EDA Netlist Writer   ; Pedro-PC         ; Windows 10 ; 10.0       ; x86_64         ;
; EDA Netlist Writer   ; Pedro-PC         ; Windows 10 ; 10.0       ; x86_64         ;
; EDA Netlist Writer   ; Pedro-PC         ; Windows 10 ; 10.0       ; x86_64         ;
; EDA Netlist Writer   ; Pedro-PC         ; Windows 10 ; 10.0       ; x86_64         ;
; EDA Netlist Writer   ; Pedro-PC         ; Windows 10 ; 10.0       ; x86_64         ;
+----------------------+------------------+------------+------------+----------------+


------------
; Flow Log ;
------------
quartus_map --read_settings_files=on --write_settings_files=off SAP1 -c SAP1
quartus_fit --read_settings_files=off --write_settings_files=off SAP1 -c SAP1
quartus_asm --read_settings_files=off --write_settings_files=off SAP1 -c SAP1
quartus_sta SAP1 -c SAP1
quartus_eda --gen_testbench --tool=modelsim_oem --format=verilog --write_settings_files=off SAP1 -c SAP1 --vector_source="C:/Users/Pedro/Desktop/Meus Componentes/SAP1/Waveform.vwf" --testbench_file="C:/Users/Pedro/Desktop/Meus Componentes/SAP1/simulation/qsim/Waveform.vwf.vt"
quartus_eda --write_settings_files=off --simulation=on --functional=on --flatten_buses=off --tool=modelsim_oem --format=verilog --output_directory="C:/Users/Pedro/Desktop/Meus Componentes/SAP1/simulation/qsim/" SAP1 -c SAP1
quartus_eda --gen_testbench --tool=modelsim_oem --format=verilog --write_settings_files=off SAP1 -c SAP1 --vector_source="C:/Users/Pedro/Desktop/Meus Componentes/SAP1/Waveform_novo.vwf" --testbench_file="C:/Users/Pedro/Desktop/Meus Componentes/SAP1/simulation/qsim/Waveform_novo.vwf.vt"
quartus_eda --write_settings_files=off --simulation=on --functional=on --flatten_buses=off --tool=modelsim_oem --format=verilog --output_directory="C:/Users/Pedro/Desktop/Meus Componentes/SAP1/simulation/qsim/" SAP1 -c SAP1
quartus_eda --gen_testbench --tool=modelsim_oem --format=verilog --write_settings_files=off SAP1 -c SAP1 --vector_source="C:/Users/Pedro/Desktop/Meus Componentes/SAP1/Waveform_novo.vwf" --testbench_file="C:/Users/Pedro/Desktop/Meus Componentes/SAP1/simulation/qsim/Waveform_novo.vwf.vt"
quartus_eda --write_settings_files=off --simulation=on --functional=on --flatten_buses=off --tool=modelsim_oem --format=verilog --output_directory="C:/Users/Pedro/Desktop/Meus Componentes/SAP1/simulation/qsim/" SAP1 -c SAP1
quartus_eda --gen_testbench --tool=modelsim_oem --format=verilog --write_settings_files=off SAP1 -c SAP1 --vector_source="C:/Users/Pedro/Desktop/Meus Componentes/SAP1/Waveform_novo.vwf" --testbench_file="C:/Users/Pedro/Desktop/Meus Componentes/SAP1/simulation/qsim/Waveform_novo.vwf.vt"
quartus_eda --write_settings_files=off --simulation=on --functional=on --flatten_buses=off --tool=modelsim_oem --format=verilog --output_directory="C:/Users/Pedro/Desktop/Meus Componentes/SAP1/simulation/qsim/" SAP1 -c SAP1



